<?xml version="1.0" encoding="UTF-8"?>
<testsuite xmlns:xsi="http://www.w3.org/2001/XMLSchema-instance" xsi:noNamespaceSchemaLocation="https://maven.apache.org/surefire/maven-surefire-plugin/xsd/surefire-test-report.xsd" version="3.0.2" name="UpdateUserTest" time="29.863" tests="20" errors="0" skipped="0" failures="0">
  <properties>
[...]
</properties>
  <testcase name="updateLoginUser[0 : update all fields]" classname="UpdateUserTest" time="1.401">
    <system-out><![CDATA[04:41:23.889 [main] INFO UpdateUserTest -- Обновляемые данные: {password=rtgkZCcM, name=JiKgSZ, email=ZsEZN@nZZ.ru}
04:41:24.158 [main] INFO UpdateUserTest -- Получен ответ от сервера {"success":true,"user":{"email":"zsezn@nzz.ru","name":"JiKgSZ"}}
]]></system-out>
  </testcase>
  <testcase name="updateWithoutLogin[0 : update all fields]" classname="UpdateUserTest" time="1.398">
    <system-out><![CDATA[04:41:25.284 [main] INFO UpdateUserTest -- Обновляемые данные: {password=rtgkZCcM, name=JiKgSZ, email=ZsEZN@nZZ.ru}
04:41:25.571 [main] INFO UpdateUserTest -- Получен ответ от сервера {"success":false,"message":"You should be authorised"}
]]></system-out>
  </testcase>
  <testcase name="updateLoginUser[1 : update email]" classname="UpdateUserTest" time="1.431">
    <system-out><![CDATA[04:41:26.660 [main] INFO UpdateUserTest -- Обновляемые данные: {password=Dly2HZ6a, name=gNAMNI, email=dgmQh@iOh.ru}
04:41:27.114 [main] INFO UpdateUserTest -- Получен ответ от сервера {"success":true,"user":{"email":"dgmqh@ioh.ru","name":"gNAMNI"}}
]]></system-out>
  </testcase>
  <testcase name="updateWithoutLogin[1 : update email]" classname="UpdateUserTest" time="1.479">
    <system-out><![CDATA[04:41:28.182 [main] INFO UpdateUserTest -- Обновляемые данные: {password=6Eh0suwe, name=xYkCyc, email=dgmQh@iOh.ru}
04:41:28.546 [main] INFO UpdateUserTest -- Получен ответ от сервера {"success":false,"message":"You should be authorised"}
]]></system-out>
  </testcase>
  <testcase name="updateLoginUser[2 : update password]" classname="UpdateUserTest" time="1.853">
    <system-out><![CDATA[04:41:29.661 [main] INFO UpdateUserTest -- Обновляемые данные: {password=cKzKN3KI, name=rRzxfw, email=fRGoG@KKX.ru}
04:41:30.219 [main] INFO UpdateUserTest -- Получен ответ от сервера {"success":true,"user":{"email":"frgog@kkx.ru","name":"rRzxfw"}}
]]></system-out>
  </testcase>
  <testcase name="updateWithoutLogin[2 : update password]" classname="UpdateUserTest" time="1.434">
    <system-out><![CDATA[04:41:31.655 [main] INFO UpdateUserTest -- Обновляемые данные: {password=cKzKN3KI, name=PcPXaj, email=vrVwJ@jdr.ru}
04:41:31.854 [main] INFO UpdateUserTest -- Получен ответ от сервера {"success":false,"message":"You should be authorised"}
]]></system-out>
  </testcase>
  <testcase name="updateLoginUser[3 : update name]" classname="UpdateUserTest" time="1.727">
    <system-out><![CDATA[04:41:32.977 [main] INFO UpdateUserTest -- Обновляемые данные: {password=NMyteveR, name=AYdkal, email=ZqJip@yXk.ru}
04:41:33.639 [main] INFO UpdateUserTest -- Получен ответ от сервера {"success":true,"user":{"email":"zqjip@yxk.ru","name":"AYdkal"}}
]]></system-out>
  </testcase>
  <testcase name="updateWithoutLogin[3 : update name]" classname="UpdateUserTest" time="1.354">
    <system-out><![CDATA[04:41:34.664 [main] INFO UpdateUserTest -- Обновляемые данные: {password=rz1e75ch, name=AYdkal, email=XBUwy@JRd.ru}
04:41:34.961 [main] INFO UpdateUserTest -- Получен ответ от сервера {"success":false,"message":"You should be authorised"}
]]></system-out>
  </testcase>
  <testcase name="updateLoginUser[4 : update email without another fields]" classname="UpdateUserTest" time="1.518">
    <system-out><![CDATA[04:41:36.064 [main] INFO UpdateUserTest -- Обновляемые данные: {email=KtbgF@hBq.ru}
04:41:36.288 [main] INFO UpdateUserTest -- Получен ответ от сервера {"success":true,"user":{"email":"ktbgf@hbq.ru","name":"TTnSqh"}}
]]></system-out>
  </testcase>
  <testcase name="updateWithoutLogin[4 : update email without another fields]" classname="UpdateUserTest" time="1.822">
    <system-out><![CDATA[04:41:37.647 [main] INFO UpdateUserTest -- Обновляемые данные: {email=KtbgF@hBq.ru}
04:41:38.201 [main] INFO UpdateUserTest -- Получен ответ от сервера {"success":false,"message":"You should be authorised"}
]]></system-out>
  </testcase>
  <testcase name="updateLoginUser[5 : update password without another fields]" classname="UpdateUserTest" time="1.669">
    <system-out><![CDATA[04:41:39.338 [main] INFO UpdateUserTest -- Обновляемые данные: {password=vTEvGgob}
04:41:39.963 [main] INFO UpdateUserTest -- Получен ответ от сервера {"success":true,"user":{"email":"qgvlb@onc.ru","name":"vCOtZn"}}
]]></system-out>
  </testcase>
  <testcase name="updateWithoutLogin[5 : update password without another fields]" classname="UpdateUserTest" time="1.362">
    <system-out><![CDATA[04:41:41.180 [main] INFO UpdateUserTest -- Обновляемые данные: {password=vTEvGgob}
04:41:41.374 [main] INFO UpdateUserTest -- Получен ответ от сервера {"success":false,"message":"You should be authorised"}
]]></system-out>
  </testcase>
  <testcase name="updateLoginUser[6 : update name without another fields]" classname="UpdateUserTest" time="1.594">
    <system-out><![CDATA[04:41:42.414 [main] INFO UpdateUserTest -- Обновляемые данные: {name=gnyBYs}
04:41:42.660 [main] INFO UpdateUserTest -- Получен ответ от сервера {"success":true,"user":{"email":"wqcvl@zfh.ru","name":"gnyBYs"}}
]]></system-out>
  </testcase>
  <testcase name="updateWithoutLogin[6 : update name without another fields]" classname="UpdateUserTest" time="1.338">
    <system-out><![CDATA[04:41:44.023 [main] INFO UpdateUserTest -- Обновляемые данные: {name=gnyBYs}
04:41:44.373 [main] INFO UpdateUserTest -- Получен ответ от сервера {"success":false,"message":"You should be authorised"}
]]></system-out>
  </testcase>
  <testcase name="updateLoginUser[7 : update email + password without name]" classname="UpdateUserTest" time="1.566">
    <system-out><![CDATA[04:41:45.494 [main] INFO UpdateUserTest -- Обновляемые данные: {password=r3yYxPDz, email=DEdAJ@VLv.ru}
04:41:45.844 [main] INFO UpdateUserTest -- Получен ответ от сервера {"success":true,"user":{"email":"dedaj@vlv.ru","name":"WBOEbH"}}
]]></system-out>
  </testcase>
  <testcase name="updateWithoutLogin[7 : update email + password without name]" classname="UpdateUserTest" time="1.55">
    <system-out><![CDATA[04:41:47.062 [main] INFO UpdateUserTest -- Обновляемые данные: {password=r3yYxPDz, email=DEdAJ@VLv.ru}
04:41:47.279 [main] INFO UpdateUserTest -- Получен ответ от сервера {"success":false,"message":"You should be authorised"}
]]></system-out>
  </testcase>
  <testcase name="updateLoginUser[8 : update password + name without email]" classname="UpdateUserTest" time="1.263">
    <system-out><![CDATA[04:41:48.433 [main] INFO UpdateUserTest -- Обновляемые данные: {password=nLrpCKY3, name=eLZAhM}
04:41:48.722 [main] INFO UpdateUserTest -- Получен ответ от сервера {"success":true,"user":{"email":"dpoou@vau.ru","name":"eLZAhM"}}
]]></system-out>
  </testcase>
  <testcase name="updateWithoutLogin[8 : update password + name without email]" classname="UpdateUserTest" time="1.403">
    <system-out><![CDATA[04:41:49.687 [main] INFO UpdateUserTest -- Обновляемые данные: {password=nLrpCKY3, name=eLZAhM}
04:41:50.077 [main] INFO UpdateUserTest -- Получен ответ от сервера {"success":false,"message":"You should be authorised"}
]]></system-out>
  </testcase>
  <testcase name="updateLoginUser[9 : update email + name without password]" classname="UpdateUserTest" time="1.292">
    <system-out><![CDATA[04:41:51.141 [main] INFO UpdateUserTest -- Обновляемые данные: {name=vzBVyV, email=pSQEd@auf.ru}
04:41:51.358 [main] INFO UpdateUserTest -- Получен ответ от сервера {"success":true,"user":{"email":"psqed@auf.ru","name":"vzBVyV"}}
]]></system-out>
  </testcase>
  <testcase name="updateWithoutLogin[9 : update email + name without password]" classname="UpdateUserTest" time="1.287">
    <system-out><![CDATA[04:41:52.426 [main] INFO UpdateUserTest -- Обновляемые данные: {name=vzBVyV, email=pSQEd@auf.ru}
04:41:52.616 [main] INFO UpdateUserTest -- Получен ответ от сервера {"success":false,"message":"You should be authorised"}
]]></system-out>
  </testcase>
</testsuite>